[INFO] 14:52:36:271 Servidor/(1905:1905): Servidor listo para recibir al cliente
[INFO] 14:52:36:275 Servidor/(1905:1905): Se conecto un cliente!
[ERROR] 14:52:36:275 Servidor/(1905:1905): el cliente se desconecto. Terminando servidor
[INFO] 14:53:04:955 Servidor/(1925:1925): Servidor listo para recibir al cliente
[INFO] 14:53:04:958 Servidor/(1925:1925): Se conecto un cliente!
[ERROR] 14:53:04:960 Servidor/(1925:1925): el cliente se desconecto. Terminando servidor
[INFO] 15:02:29:585 Servidor/(2111:2111): Servidor listo para recibir al cliente
[INFO] 15:05:45:817 Servidor/(2292:2292): Servidor listo para recibir al cliente
[INFO] 15:06:44:505 Servidor/(2334:2334): Servidor listo para recibir al cliente
[INFO] 15:27:44:069 Servidor/(3732:3732): Servidor listo para recibir al cliente
[INFO] 15:37:08:362 Servidor/(1842:1842): Servidor listo para recibir al cliente
[INFO] 15:39:41:469 Servidor/(1987:1987): Servidor listo para recibir al cliente
[INFO] 15:39:54:264 Servidor/(1987:1987): Se conecto un cliente!
[INFO] 15:49:26:662 Servidor/(2190:2190): Servidor listo para recibir al cliente
[INFO] 15:49:41:090 Servidor/(2190:2190): Se conecto un cliente!
[ERROR] 15:49:41:091 Servidor/(2190:2190): el cliente se desconecto. Terminando servidor
[INFO] 15:55:00:405 Servidor/(2332:2332): Servidor listo para recibir al cliente
[INFO] 15:55:06:792 Servidor/(2332:2332): Se conecto un cliente!
[INFO] 15:55:06:793 Servidor/(2332:2332): Me llego el mensaje valor
[ERROR] 15:55:06:793 Servidor/(2332:2332): el cliente se desconecto. Terminando servidor
[INFO] 16:11:04:434 Servidor/(2575:2575): Servidor listo para recibir al cliente
[INFO] 16:11:10:598 Servidor/(2575:2575): Se conecto un cliente!
[INFO] 16:11:10:598 Servidor/(2575:2575): Me llego el mensaje valor
[INFO] 16:11:10:598 Servidor/(2575:2575): Me llegaron los siguientes valores:

[INFO] 16:11:10:598 Servidor/(2575:2575): „*­û
[ERROR] 16:11:10:599 Servidor/(2575:2575): el cliente se desconecto. Terminando servidor
[INFO] 16:20:31:450 Servidor/(2726:2726): Servidor listo para recibir al cliente
[INFO] 16:20:37:217 Servidor/(2726:2726): Se conecto un cliente!
[INFO] 16:20:37:217 Servidor/(2726:2726): Me llego el mensaje valor
[INFO] 16:20:55:723 Servidor/(2726:2726): Me llegaron los siguientes valores:

[INFO] 16:20:55:723 Servidor/(2726:2726): 
[ERROR] 16:20:55:723 Servidor/(2726:2726): el cliente se desconecto. Terminando servidor
[INFO] 16:22:15:106 Servidor/(2798:2798): Servidor listo para recibir al cliente
[INFO] 16:22:20:653 Servidor/(2798:2798): Se conecto un cliente!
[INFO] 16:22:20:653 Servidor/(2798:2798): Me llego el mensaje valor
[ERROR] 16:22:27:912 Servidor/(2798:2798): el cliente se desconecto. Terminando servidor
[INFO] 16:23:37:166 Servidor/(2838:2838): Servidor listo para recibir al cliente
[INFO] 16:23:43:631 Servidor/(2838:2838): Se conecto un cliente!
[INFO] 16:23:43:632 Servidor/(2838:2838): Me llego el mensaje valor
[INFO] 16:23:59:020 Servidor/(2838:2838): Me llegaron los siguientes valores:

[INFO] 16:23:59:020 Servidor/(2838:2838): hola soy damian
[INFO] 16:23:59:020 Servidor/(2838:2838): martin gonzalez
[INFO] 16:23:59:020 Servidor/(2838:2838): y envio un paquete
[ERROR] 16:23:59:020 Servidor/(2838:2838): el cliente se desconecto. Terminando servidor
[INFO] 17:05:44:917 Servidor/(3905:3905): Servidor listo para recibir al cliente
[INFO] 17:06:05:089 Servidor/(3905:3905): Se conecto un cliente!
[INFO] 17:06:05:089 Servidor/(3905:3905): Me llego el mensaje valor
[INFO] 17:06:44:465 Servidor/(3905:3905): Me llegaron los siguientes valores:

[INFO] 17:06:44:466 Servidor/(3905:3905): hola U
[INFO] 17:06:44:466 Servidor/(3905:3905): termi
[ERROR] 17:06:44:466 Servidor/(3905:3905): el cliente se desconecto. Terminando servidor
